
    TAR_ID  DD_EIN_ID     EXP_ID  DD_STA_ID                                     
---------- ---------- ---------- ----------                                     
     12644          2       2220         11                                     
     12650          2       4902         11                                     
     12669          2       6826         11                                     
     12679          2       7316         11                                     
     12859          2       1338         11                                     
     12860          2       1338         11                                     
     12861          2       1367         11                                     
     12868          2       1423         11                                     
     12872          2       2103          7                                     
     12874          2       2220         11                                     
     12876          2       2239         11                                     

    TAR_ID  DD_EIN_ID     EXP_ID  DD_STA_ID                                     
---------- ---------- ---------- ----------                                     
     12901          2       6110         11                                     
     12903          2       6114         11                                     
     12905          2       6204         11                                     
     12913          2       6764         11                                     
     12930          2       6887         11                                     
     12897          2       5203         11                                     
     12915          2       6770         11                                     
     13269          2        175         11                                     
     13271          2        255         11                                     
     13285          2       5164         11                                     
     13288          2       6106         11                                     

    TAR_ID  DD_EIN_ID     EXP_ID  DD_STA_ID                                     
---------- ---------- ---------- ----------                                     
     13300          2       6859         11                                     
     12640          2       1424         11                                     
     12647          2       3902         11                                     
     12656          2       5173         11                                     
     12658          2       6613         11                                     
     12664          2       6772          7                                     
     12691          2       7343          7                                     
     12847          2        197         11                                     
     12849          2        467         11                                     
     13306          2       7006          7                                     
     13307          2       7007         11                                     

    TAR_ID  DD_EIN_ID     EXP_ID  DD_STA_ID                                     
---------- ---------- ---------- ----------                                     
     13317          2       7704         11                                     
     13326          2       7858          7                                     
     13328          2       7909         11                                     
     13334          2       7922          7                                     
     13336          2       7930         11                                     
     13337          2       7931          7                                     
     13338          2       7931          7                                     
     13331          2       7921          7                                     
     13333          2       7921          7                                     
     13341          2       7945         11                                     
     13345          2       7951          7                                     

    TAR_ID  DD_EIN_ID     EXP_ID  DD_STA_ID                                     
---------- ---------- ---------- ----------                                     
     13351          2       7979         11                                     
     13352          2       7995         11                                     
     13355          2       8108          7                                     
     13429          2       6801          5                                     
     12851          2       1209         11                                     
     12858          2       1338         11                                     
     13438          2       6825          5                                     
     13847          2       5160         11                                     
     13849          2       6102         11                                     
     13858          2       6817         11                                     
     13862          2       6891         11                                     

    TAR_ID  DD_EIN_ID     EXP_ID  DD_STA_ID                                     
---------- ---------- ---------- ----------                                     
     13865          2       7312         11                                     
     13873          2       7858         11                                     
     13883          2       7929         11                                     
     13885          2       7931         11                                     
     13891          2       7951          7                                     
     13894          2       7976         11                                     
     13898          2       8102         11                                     
     13902          2       8302         11                                     
     12864          2       1401         11                                     
     12866          2       1418         11                                     
     12881          2       3104          7                                     

    TAR_ID  DD_EIN_ID     EXP_ID  DD_STA_ID                                     
---------- ---------- ---------- ----------                                     
     12884          2       3604         11                                     
     12886          2       3705         11                                     
     12888          2       5119         11                                     
     12894          2       5172         11                                     
     12899          2       5210         11                                     
     12908          2       6740         11                                     
      6504          2       1391          5                                     
      6513          2       1267          5                                     
     12924          2       6817         11                                     
     12932          2       6888         11                                     
     12936          2       7335         11                                     

    TAR_ID  DD_EIN_ID     EXP_ID  DD_STA_ID                                     
---------- ---------- ---------- ----------                                     
     12940          2       7704          7                                     
      8247          2       3902          5                                     
      9000          2       1338         27                                     
     13273          2       1077          7                                     
     13278          2       1338         11                                     
     13282          2       2211         11                                     
     13310          2       7207         11                                     
     13312          2       7306         11                                     
     13314          2       7331         11                                     
     13322          2       7843         11                                     
     13325          2       7858         11                                     

    TAR_ID  DD_EIN_ID     EXP_ID  DD_STA_ID                                     
---------- ---------- ---------- ----------                                     
     13327          2       7879         11                                     
     13332          2       7921          7                                     
     13335          2       7922          7                                     
     13339          2       7937          7                                     
     13346          2       7962         11                                     
     11947          2       6104         11                                     
     11949          2       6110         11                                     
     11952          2       6114         11                                     
     11960          2       6734          7                                     
     11962          2       6734          7                                     
     11969          2       6760          7                                     

    TAR_ID  DD_EIN_ID     EXP_ID  DD_STA_ID                                     
---------- ---------- ---------- ----------                                     
     11994          2       6902         11                                     
     11996          2       7006          7                                     
     12238          2       1203         11                                     
     12250          2       5104         11                                     
     12262          2       5703         11                                     
     12270          2       6603         11                                     
     12274          2       6614         11                                     
     12277          2       6740         11                                     
      8930          2       1424          7                                     
      8931          2       1424          7                                     
      8937          2       1704          7                                     

    TAR_ID  DD_EIN_ID     EXP_ID  DD_STA_ID                                     
---------- ---------- ---------- ----------                                     
      8946          2       2219          7                                     
      8954          2       2701          7                                     
      8959          2       2812          7                                     
      8970          2       3302          7                                     
      8971          2       3302          7                                     
      8989          2       4807          7                                     
      9157          2       2219         11                                     
      9631          2       1284         11                                     
      9638          2       1350         11                                     
      9651          2       2303         11                                     
      9658          2       3301         11                                     

    TAR_ID  DD_EIN_ID     EXP_ID  DD_STA_ID                                     
---------- ---------- ---------- ----------                                     
      9663          2       4603         11                                     
      9671          2       5129         11                                     
      9676          2       5159          7                                     
      9685          2       5311          7                                     
      9831          2        716         11                                     
      9833          2       1267         11                                     
      9835          2       1278         11                                     
      9854          2       4903         11                                     
      9856          2       5107         11                                     
      9858          2       5129         11                                     
     10434          2       2001         11                                     

    TAR_ID  DD_EIN_ID     EXP_ID  DD_STA_ID                                     
---------- ---------- ---------- ----------                                     
     10458          2       5503         11                                     
     10459          2       5603         11                                     
     10462          2       5807         11                                     
     10753          2       2249         11                                     
     10755          2       2803         11                                     
     10768          2       5106         11                                     
     10774          2       5212         11                                     
     10785          2       5808         11                                     
     10870          2       5002         21                                     
     10877          2        962         11                                     
     10885          2       1346         11                                     

    TAR_ID  DD_EIN_ID     EXP_ID  DD_STA_ID                                     
---------- ---------- ---------- ----------                                     
     10904          2       5002         11                                     
     11562          2       1704          7                                     
     11580          2       6110         11                                     
     11584          2       6613          7                                     
     11928          2       1017         11                                     
     11945          2       5904          7                                     
     10751          2       2236         11                                     
      9843          2       2211         11                                     
      9845          2       2211         11                                     
      9849          2       3302         11                                     
      9862          2       5159         11                                     

    TAR_ID  DD_EIN_ID     EXP_ID  DD_STA_ID                                     
---------- ---------- ---------- ----------                                     
      9867          2       5311         11                                     
      9868          2       5505         11                                     
     14613          2       6757          8                                     
     10436          2       2224         11                                     
     10439          2       2812         11                                     
     10442          2       3402          7                                     
     10444          2       3904         11                                     
     10446          2       3909         11                                     
     10454          2       5215          7                                     
     10456          2       5311         11                                     
     10460          2       5804         11                                     

    TAR_ID  DD_EIN_ID     EXP_ID  DD_STA_ID                                     
---------- ---------- ---------- ----------                                     
     10529          2       4602         11                                     
     14639          2       7006         11                                     
     14640          2       7013          8                                     
     14659          2       7864          8                                     
     14661          2       7864          8                                     
     14667          2       7915         11                                     
     14684          2       8605         11                                     
     10533          2       5603          7                                     
     10535          2       5805         11                                     
     10726          2       1203         11                                     
     10733          2       1248         11                                     

    TAR_ID  DD_EIN_ID     EXP_ID  DD_STA_ID                                     
---------- ---------- ---------- ----------                                     
     10735          2       1295         11                                     
     10746          2       2102         11                                     
     10757          2       2804         11                                     
     10760          2       3401         11                                     
     15272          2       9224         24                                     
     10765          2       5102         11                                     
     10772          2       5209         11                                     
     10779          2       5307         11                                     
     10781          2       5503         11                                     
     10783          2       5705         11                                     
     10788          2       6110         11                                     

    TAR_ID  DD_EIN_ID     EXP_ID  DD_STA_ID                                     
---------- ---------- ---------- ----------                                     
     10789          2       6110         11                                     
     10790          2       6110         11                                     
     10875          2        254         11                                     
     10889          2       1423         11                                     
      9844          2       2211         11                                     
     10906          2       5117         11                                     
     10909          2       5220         11                                     
     10914          2       6110         11                                     
     10915          2       6114         11                                     
     10916          2       6114         11                                     
     11548          2        804         11                                     

    TAR_ID  DD_EIN_ID     EXP_ID  DD_STA_ID                                     
---------- ---------- ---------- ----------                                     
     11553          2       1293         11                                     
     16382          2       5166         11                                     
     16384          2       5168         11                                     
     16408          2       7703         11                                     
     16427          2       9006         11                                     
     16432          2       9254         11                                     
     16434          2       9302         11                                     
     11569          2       2823         11                                     
     11570          2       2823         11                                     
     11571          2       3102         11                                     
     11574          2       5118         11                                     

    TAR_ID  DD_EIN_ID     EXP_ID  DD_STA_ID                                     
---------- ---------- ---------- ----------                                     
     11581          2       6302         11                                     
     14997          2        489         11                                     
     15007          2       1360          7                                     
     15016          2       2103         11                                     
     15018          2       2901         11                                     
     15028          2       6202         11                                     
     15036          2       6757         11                                     
      8921          2       1410          7                                     
      8929          2       1423          7                                     
      8932          2       1424          7                                     
      8939          2       1704          7                                     

    TAR_ID  DD_EIN_ID     EXP_ID  DD_STA_ID                                     
---------- ---------- ---------- ----------                                     
      8942          2       2102          7                                     
      8943          2       2103          7                                     
     11926          2        199         11                                     
     11932          2       1410         11                                     
     11935          2       2823         11                                     
     11937          2       4904         11                                     
     11941          2       5305         11                                     
     11943          2       5603         11                                     
     11950          2       6113         11                                     
     11951          2       6113         11                                     
     11953          2       6304         11                                     

    TAR_ID  DD_EIN_ID     EXP_ID  DD_STA_ID                                     
---------- ---------- ---------- ----------                                     
     11961          2       6734          7                                     
      8957          2       2804          7                                     
      8955          2       2701          7                                     
      8968          2       3301          7                                     
      8969          2       3302          7                                     
      8972          2       3302          7                                     
      8986          2       4807         11                                     
      8988          2       4807          7                                     
      9149          2       1350         11                                     
      9166          2       4903         11                                     
     11963          2       6734          7                                     

    TAR_ID  DD_EIN_ID     EXP_ID  DD_STA_ID                                     
---------- ---------- ---------- ----------                                     
     11965          2       6760          7                                     
     11966          2       6760          7                                     
     11967          2       6760          7                                     
     11968          2       6760          7                                     
     11971          2       6770         11                                     
     11972          2       6772          7                                     
     11973          2       6772          7                                     
     11980          2       6817          7                                     
     11986          2       6862         11                                     
     11989          2       6884         11                                     
     15059          2       7314         11                                     

    TAR_ID  DD_EIN_ID     EXP_ID  DD_STA_ID                                     
---------- ---------- ---------- ----------                                     
     15061          2       7328         11                                     
     15067          2       7836          7                                     
     15079          2       7949          7                                     
     15082          2       7961         11                                     
     15105          2       9203         11                                     
     15114          2       9221         11                                     
     15116          2       9227         11                                     
     15117          2       9228         11                                     
     12258          2       5216         11                                     
     12260          2       5221         11                                     
     12266          2       5808         11                                     

    TAR_ID  DD_EIN_ID     EXP_ID  DD_STA_ID                                     
---------- ---------- ---------- ----------                                     
     12268          2       6113         11                                     
     12276          2       6740          7                                     
     12278          2       6740         11                                     
     12279          2       6740          7                                     
     15435          2       2701         11                                     
     15439          2       5156         11                                     
     15446          2       6796         11                                     
     15467          2       7014         11                                     
     15474          2       7324         11                                     
     15486          2       7934         11                                     
     15489          2       7961         11                                     

    TAR_ID  DD_EIN_ID     EXP_ID  DD_STA_ID                                     
---------- ---------- ---------- ----------                                     
     15490          2       7961         11                                     
     15496          2       7998         11                                     
     15503          2       8423         11                                     
     13962          2       3104         21                                     
      8906          2       1338          7                                     
      8928          2       1423          7                                     
      8938          2       1704          7                                     
      8953          2       2701          7                                     
      8956          2       2804          7                                     
      8958          2       2804          7                                     
     12654          2       5169         11                                     

    TAR_ID  DD_EIN_ID     EXP_ID  DD_STA_ID                                     
---------- ---------- ---------- ----------                                     
     12662          2       6766         11                                     
     12667          2       6790         11                                     
     12681          2       7337         11                                     
      8967          2       3301         11                                     
      8977          2       3705          7                                     
      8981          2       3904          7                                     
      8987          2       4807         11                                     
      9148          2       1350         11                                     
     13624          2        417         11                                     
     13725          2        661         11                                     
     13825          2       1207         11                                     

    TAR_ID  DD_EIN_ID     EXP_ID  DD_STA_ID                                     
---------- ---------- ---------- ----------                                     
     13836          2       1336         11                                     
     13840          2       1601         11                                     
     13842          2       2103          7                                     
     13843          2       2103          7                                     
     13852          2       6745         11                                     
     13854          2       6817         11                                     
     13855          2       6817         11                                     
     13856          2       6817         11                                     
     13857          2       6817         11                                     
     13859          2       6817         11                                     
     13870          2       7845         11                                     

    TAR_ID  DD_EIN_ID     EXP_ID  DD_STA_ID                                     
---------- ---------- ---------- ----------                                     
     13875          2       7860          7                                     
     13881          2       7921         11                                     
     13887          2       7937         11                                     
     13892          2       7954         11                                     
     15511          2       9224         11                                     
     15513          2       9233         11                                     
      9625          2        854         11                                     
      9642          2       1391         11                                     
      9648          2       2260         11                                     
     13900          2       8108         11                                     
     13904          2       8420         11                                     

    TAR_ID  DD_EIN_ID     EXP_ID  DD_STA_ID                                     
---------- ---------- ---------- ----------                                     
     14077          2        971         11                                     
     14086          2       1338         11                                     
     14087          2       1360          8                                     
     14100          2       2236         11                                     
     14116          2       6745          8                                     
      9654          2       2701         11                                     
      9655          2       2812         11                                     
      9657          2       3102         11                                     
      9660          2       3601         11                                     
      9665          2       4702         11                                     
      9667          2       4807         11                                     

    TAR_ID  DD_EIN_ID     EXP_ID  DD_STA_ID                                     
---------- ---------- ---------- ----------                                     
      9670          2       5129         11                                     
      9672          2       5140         11                                     
      9677          2       5159          7                                     
      9683          2       5311          7                                     
      9684          2       5311          7                                     
      9829          2        321         11                                     
      9839          2       1392         11                                     
     14139          2       6872         11                                     
     14140          2       6872         11                                     
     14159          2       7302         11                                     
     14162          2       7318         11                                     

    TAR_ID  DD_EIN_ID     EXP_ID  DD_STA_ID                                     
---------- ---------- ---------- ----------                                     
     14166          2       7332          8                                     
     14189          2       7984         11                                     
     14193          2       7990         11                                     
     14197          2       7992         11                                     
     14204          2       8407         11                                     
     14208          2       8421          8                                     
     14854          2       1401         11                                     
     14862          2       5106         11                                     
     14866          2       6113         11                                     
     14871          2       7303         11                                     
     14879          2       7930         11                                     

    TAR_ID  DD_EIN_ID     EXP_ID  DD_STA_ID                                     
---------- ---------- ---------- ----------                                     
     14883          2       8408         11                                     
     14885          2       8422         11                                     
     14889          2       8712         11                                     
     14895          2       9004         11                                     
     15820          2       6615         11                                     
     15822          2       6734          8                                     
     15823          2       6734         11                                     
     15824          2       6734         11                                     
     15830          2       6796         11                                     
     15850          2       7205         11                                     
     15979          2       9506         11                                     

    TAR_ID  DD_EIN_ID     EXP_ID  DD_STA_ID                                     
---------- ---------- ---------- ----------                                     
     16172          2        300         11                                     
     16406          2       6896         11                                     
     16415          2       7882         11                                     
     16423          2       8505         11                                     
     15852          2       7208         11                                     
     16421          2       8415         11                                     
     14845          2         63         11                                     
     14881          2       7951         11                                     
     14886          2       8424         11                                     
     14892          2       8903         11                                     
     14893          2       8904          7                                     

    TAR_ID  DD_EIN_ID     EXP_ID  DD_STA_ID                                     
---------- ---------- ---------- ----------                                     
     12750          2       5203         15                                     
     15005          2       1338         11                                     
     15025          2       6106         11                                     
     15063          2       7343         11                                     
     15065          2       7404         11                                     
     15075          2       7935         11                                     
     15087          2       7981         11                                     
     15089          2       7983         11                                     
     15092          2       7999         11                                     
     15095          2       8410         11                                     
     14092          2       2103          7                                     

    TAR_ID  DD_EIN_ID     EXP_ID  DD_STA_ID                                     
---------- ---------- ---------- ----------                                     
     14093          2       2219         11                                     
     14108          2       5704          8                                     
     14109          2       6106          8                                     
     14123          2       6778         11                                     
     14149          2       7002          8                                     
     14150          2       7013          8                                     
     14085          2       1338         11                                     
     14089          2       1385         11                                     
     14104          2       2804         11                                     
     14117          2       6747         11                                     
     15003          2       1295         11                                     

    TAR_ID  DD_EIN_ID     EXP_ID  DD_STA_ID                                     
---------- ---------- ---------- ----------                                     
     15009          2       1368         11                                     
     15012          2       1423         11                                     
     15021          2       5704         11                                     
     15026          2       6112         11                                     
     15034          2       6742         11                                     
     15043          2       6796         11                                     
     15044          2       6796         11                                     
     15057          2       7106         11                                     
     15083          2       7962         11                                     
     15097          2       8422         11                                     
     15099          2       8431         11                                     

    TAR_ID  DD_EIN_ID     EXP_ID  DD_STA_ID                                     
---------- ---------- ---------- ----------                                     
     15103          2       8903         11                                     
     14153          2       7104         11                                     
     14157          2       7212         11                                     
     14164          2       7324          8                                     
     14170          2       7864          7                                     
     14185          2       7930          8                                     
     14207          2       8419          8                                     
     14210          2       8502         11                                     
     14212          2       8511          8                                     
     14214          2       8519         11                                     
     16220          2       6734         11                                     

    TAR_ID  DD_EIN_ID     EXP_ID  DD_STA_ID                                     
---------- ---------- ---------- ----------                                     
     16254          2       7009         11                                     
     16260          2       7320         11                                     
     14120          2       6757          8                                     
     14121          2       6760         11                                     
     15107          2       9204         11                                     
     15110          2       9207         11                                     
     15441          2       5176         11                                     
     15450          2       6824         11                                     
     15458          2       6892         11                                     
     14585          2       1401          7                                     
     14600          2       3104         11                                     

    TAR_ID  DD_EIN_ID     EXP_ID  DD_STA_ID                                     
---------- ---------- ---------- ----------                                     
     14611          2       6306         11                                     
     14652          2       7843         11                                     
     14660          2       7864         11                                     
     16288          2       7999         11                                     
     16294          2       8419         11                                     
     16310          2       9220         11                                     
     16322          2       9303         11                                     
     16330          2       9606         11                                     
     15461          2       7002         11                                     
     15463          2       7006         11                                     
     15465          2       7013         11                                     

    TAR_ID  DD_EIN_ID     EXP_ID  DD_STA_ID                                     
---------- ---------- ---------- ----------                                     
     15469          2       7304         11                                     
     15472          2       7323         11                                     
     15477          2       7334         11                                     
     15494          2       7996         11                                     
     15498          2       8312         11                                     
     15500          2       8402         11                                     
     15505          2       8511         11                                     
     15509          2       9002         11                                     
     14665          2       7912         11                                     
     14670          2       7922         11                                     
     14688          2       8712         11                                     

    TAR_ID  DD_EIN_ID     EXP_ID  DD_STA_ID                                     
---------- ---------- ---------- ----------                                     
     14689          2       8714         11                                     
     15858          2       7309         11                                     
     14136          2       6857         11                                     
     14168          2       7850         11                                     
     14172          2       7879         11                                     
     14181          2       7918         11                                     
     12506          2       6772         18                                     
     15863          2       7320          7                                     
     15874          2       7703          8                                     
     15878          2       7835         11                                     
     15930          2       7979         11                                     

    TAR_ID  DD_EIN_ID     EXP_ID  DD_STA_ID                                     
---------- ---------- ---------- ----------                                     
     14195          2       7991         11                                     
     14201          2       8304         11                                     
     14209          2       8421          8                                     
     15521          2       9239         11                                     
     15865          2       7332         11                                     
     15872          2       7702         11                                     
     15875          2       7703         11                                     
     16197          2       3104         11                                     
     16211          2       5302         11                                     
     14219          2       8605          7                                     
     16223          2       6745         11                                     

    TAR_ID  DD_EIN_ID     EXP_ID  DD_STA_ID                                     
---------- ---------- ---------- ----------                                     
     16241          2       6825         11                                     
     16247          2       6845         11                                     
     16250          2       6872         11                                     
     15782          2       2402         11                                     
     15893          2       7864         11                                     
     15903          2       7877         11                                     
     16266          2       7331         11                                     
     16268          2       7843         11                                     
     16277          2       7904         11                                     
     16283          2       7961         11                                     
     16292          2       8412         11                                     

    TAR_ID  DD_EIN_ID     EXP_ID  DD_STA_ID                                     
---------- ---------- ---------- ----------                                     
     16296          2       8421         11                                     
     16299          2       8802         11                                     
     16304          2       9006          8                                     
     16308          2       9216         11                                     
      9306          2       4904          5                                     
     14586          2       1602         11                                     
     14603          2       5704          8                                     
     14608          2       6112         11                                     
     14609          2       6112         11                                     
     14625          2       6801         11                                     
     15791          2       3104          7                                     

    TAR_ID  DD_EIN_ID     EXP_ID  DD_STA_ID                                     
---------- ---------- ---------- ----------                                     
     15814          2       6106         11                                     
     15942          2       8421          8                                     
     15945          2       8430         11                                     
     15950          2       8511         11                                     
     15953          2       8707         11                                     
     15956          2       8714         11                                     
     15966          2       9237         11                                     
     15972          2       9253         11                                     
     16312          2       9227         11                                     
     16314          2       9229         11                                     
     16316          2       9246         11                                     

    TAR_ID  DD_EIN_ID     EXP_ID  DD_STA_ID                                     
---------- ---------- ---------- ----------                                     
     16318          2       9251         11                                     
     16379          2       1413         11                                     
     14628          2       6817         11                                     
     14638          2       7002         11                                     
     14642          2       7307         11                                     
     14648          2       7345         11                                     
     14682          2       8421         11                                     
     14727          2       6757         21                                     

514 rows selected.

